Aaron WilliamsOperation : 2 : Aaron Williams : 206
 raiz esq esq esq NAO
Adrian SmithOperation : 2 : Adrian Smith : 185
 raiz esq esq SIM
Al FerrariOperation : 1 : Al Ferrari : 193
 NAO
Alec KesslerOperation : 1 : Alec Kessler : 211
 SIM
Andy JohnsonOperation : 1 : Andy Johnson : 196
 SIM
Ariel Maughan SIM
Art BurrisOperation : 1 : Art Burris : 196
 SIM
Ben McDonaldOperation : 2 : Ben McDonald : 203
 raiz esq SIM
Ben PoquetteOperation : 2 : Ben Poquette : 206
 raiz dir esq NAO
Bill EbbenOperation : 1 : Bill Ebben : 193
 SIM
Bill Laimbeer SIM
Bob KinneyOperation : 0 : Bob Kinney : 198
 NAO
Bob SchaferOperation : 1 : Bob Schafer : 190
 SIM
Bones McKinneyOperation : 0 : Bones McKinney : 198
 NAO
Carl ShaefferOperation : 1 : Carl Shaeffer : 190
 SIM
Cheick DialloOperation : 2 : Cheick Diallo : 206
 raiz dir esq NAO
Chris HarrisOperation : 1 : Chris Harris : 190
 SIM
Chris WelpOperation : 0 : Chris Welp : 213
 SIM
Cliff Barker SIM
Craig DykemaOperation : 2 : Craig Dykema : 203
 raiz SIM
Curtis Kitchen SIM
Damian JonesOperation : 1 : Damian Jones : 190
 NAO
Damjan RudezOperation : 1 : Damjan Rudez : 208
 NAO
Darnell MeeOperation : 1 : Darnell Mee : 196
 NAO
Darren TillisOperation : 1 : Darren Tillis : 211
 SIM
Darryl JohnsonOperation : 0 : Darryl Johnson : 201
 NAO
Dejounte MurrayOperation : 1 : Dejounte Murray : 196
 NAO
Devin BookerOperation : 0 : Devin Booker : 198
 NAO
Devyn MarbleOperation : 0 : Devyn Marble : 198
 NAO
Dick SchnittkerOperation : 1 : Dick Schnittker : 196
 NAO
Dijon ThompsonOperation : 0 : Dijon Thompson : 201
 NAO
Donatas MotiejunasOperation : 0 : Donatas Motiejunas : 213
 NAO
Ed DahlerOperation : 1 : Ed Dahler : 196
 NAO
Eddie PhillipsOperation : 0 : Eddie Phillips : 201
 SIM
Eric RileyOperation : 0 : Eric Riley : 213
 NAO
Frank JohnsonOperation : 2 : Frank Johnson : 185
 raiz dir SIM
Frank SelvyOperation : 1 : Frank Selvy : 190
 NAO
Gaylon NickersonOperation : 1 : Gaylon Nickerson : 190
 NAO
George ReynoldsOperation : 1 : George Reynolds : 193
 SIM
Glenn McDonald SIM
Harold PressleyOperation : 0 : Harold Pressley : 201
 SIM
Hassan WhitesideOperation : 0 : Hassan Whiteside : 213
 NAO
Herb Williams SIM
Hiram FullerOperation : 2 : Hiram Fuller : 206
 raiz esq esq esq dir dir NAO
Ira NewbleOperation : 0 : Ira Newble : 201
 NAO
Jack GeorgeOperation : 2 : Jack George : 188
 raiz esq esq esq dir dir NAO
Jack MolinasOperation : 0 : Jack Molinas : 198
 NAO
James BlackwellOperation : 0 : James Blackwell : 183
 NAO
Jaren JacksonOperation : 1 : Jaren Jackson : 193
 SIM
Jeff SandersOperation : 2 : Jeff Sanders : 203
 raiz esq esq dir dir SIM
Jeremy EvansOperation : 2 : Jeremy Evans : 206
 raiz esq dir esq esq dir dir NAO
Jerry FleishmanOperation : 2 : Jerry Fleishman : 188
 raiz dir esq esq dir dir SIM
Joe BuckhalterOperation : 0 : Joe Buckhalter : 201
 NAO
Joe CaldwellOperation : 1 : Joe Caldwell : 196
 SIM
Joe YoungOperation : 2 : Joe Young : 188
 raiz dir dir esq esq dir dir NAO
John JohnsonOperation : 0 : John Johnson : 201
 NAO
John Stroud SIM
Johnny JonesOperation : 0 : Johnny Jones : 201
 NAO
Johnny OrrOperation : 1 : Johnny Orr : 190
 SIM
Ken JohnsonOperation : 2 : Ken Johnson : 203
 raiz esq dir dir SIM
Ken NormanOperation : 2 : Ken Norman : 203
 raiz dir esq dir dir SIM
Kevin Grevey SIM
Kevin WillisOperation : 2 : Kevin Willis : 188
 raiz dir dir SIM
Larry DrewOperation : 2 : Larry Drew : 185
 raiz esq dir dir dir NAO
Larry SykesOperation : 2 : Larry Sykes : 206
 raiz esq dir dir dir NAO
Leo Kubiak SIM
Lionel ChalmersOperation : 0 : Lionel Chalmers : 183
 NAO
Lorenzen WrightOperation : 2 : Lorenzen Wright : 188
 raiz esq dir dir dir NAO
Luigi DatomeOperation : 2 : Luigi Datome : 203
 raiz esq dir dir dir NAO
Luis FloresOperation : 2 : Luis Flores : 188
 raiz esq dir dir dir NAO
Mamadou N'DiayeOperation : 2 : Mamadou N'Diaye : 203
 raiz esq dir dir dir NAO
Marcus FizerOperation : 2 : Marcus Fizer : 206
 raiz esq dir dir dir NAO
Mark StricklandOperation : 2 : Mark Strickland : 206
 raiz esq dir dir dir NAO
Marvin Barnes SIM
Mason PlumleeOperation : 1 : Mason Plumlee : 211
 NAO
Michael PhelpsOperation : 1 : Michael Phelps : 193
 SIM
Michael StewartOperation : 1 : Michael Stewart : 208
 NAO
Mike DavisOperation : 1 : Mike Davis : 190
 SIM
Montrezl HarrellOperation : 2 : Montrezl Harrell : 203
 raiz esq dir dir dir NAO
Nick FazekasOperation : 1 : Nick Fazekas : 211
 NAO
Nikola VucevicOperation : 0 : Nikola Vucevic : 213
 NAO
Nolan SmithOperation : 2 : Nolan Smith : 188
 raiz esq dir dir dir NAO
Ollie JohnsonOperation : 0 : Ollie Johnson : 198
 NAO
Omri CasspiOperation : 2 : Omri Casspi : 206
 raiz esq dir dir dir NAO
Othello HunterOperation : 2 : Othello Hunter : 203
 raiz esq dir dir dir NAO
Paul WaltherOperation : 2 : Paul Walther : 188
 raiz dir dir dir SIM
Peyton SivaOperation : 0 : Peyton Siva : 183
 NAO
Predrag DrobnjakOperation : 1 : Predrag Drobnjak : 211
 NAO
Quincy AcyOperation : 0 : Quincy Acy : 201
 NAO
Ralph DrollingerOperation : 2 : Ralph Drollinger : 218
 raiz esq dir dir dir dir NAO
Robert HorryOperation : 2 : Robert Horry : 206
 raiz dir dir dir dir SIM
Ron HarperOperation : 0 : Ron Harper : 198
 SIM
Russ SchoeneOperation : 1 : Russ Schoene : 208
 SIM
Sarunas MarciulionisOperation : 1 : Sarunas Marciulionis* : 196
 NAO
Stephen ThompsonOperation : 1 : Stephen Thompson : 193
 SIM
Thaddeus YoungOperation : 2 : Thaddeus Young : 203
 raiz dir dir dir dir dir NAO
Toby KimballOperation : 0 : Toby Kimball : 198
 SIM
Tony Bennett SIM
Walter DukesOperation : 0 : Walter Dukes : 213
 NAO
